<?xml version="1.0" encoding="UTF-8"?>
<testng-results skipped="0" failed="1" total="4" passed="3">
  <reporter-output>
  </reporter-output>
  <suite name="Suite" duration-ms="110264" started-at="2019-09-16T08:27:57Z" finished-at="2019-09-16T08:29:48Z">
    <groups>
    </groups>
    <test name="Test" duration-ms="110264" started-at="2019-09-16T08:27:57Z" finished-at="2019-09-16T08:29:48Z">
      <class name="practice.BasicMaven.Validate_Nav_bar">
        <test-method status="PASS" signature="validate_navigate_bar()[pri:0, instance:practice.BasicMaven.Validate_Nav_bar@14acaea5]" name="validate_navigate_bar" duration-ms="748" started-at="2019-09-16T13:59:02Z" finished-at="2019-09-16T13:59:02Z">
          <reporter-output>
          </reporter-output>
        </test-method> <!-- validate_navigate_bar -->
      </class> <!-- practice.BasicMaven.Validate_Nav_bar -->
      <class name="practice.BasicMaven.HomePage">
        <test-method status="PASS" signature="initialise()[pri:0, instance:practice.BasicMaven.HomePage@66a3ffec]" name="initialise" is-config="true" duration-ms="18926" started-at="2019-09-16T13:57:57Z" finished-at="2019-09-16T13:58:16Z">
          <reporter-output>
          </reporter-output>
        </test-method> <!-- initialise -->
        <test-method status="PASS" signature="initialise()[pri:0, instance:practice.BasicMaven.ValidateTitle@77caeb3e]" name="initialise" is-config="true" duration-ms="25017" started-at="2019-09-16T13:58:16Z" finished-at="2019-09-16T13:58:41Z">
          <reporter-output>
          </reporter-output>
        </test-method> <!-- initialise -->
        <test-method status="PASS" signature="initialise()[pri:0, instance:practice.BasicMaven.Validate_Nav_bar@14acaea5]" name="initialise" is-config="true" duration-ms="20179" started-at="2019-09-16T13:58:41Z" finished-at="2019-09-16T13:59:02Z">
          <reporter-output>
          </reporter-output>
        </test-method> <!-- initialise -->
        <test-method status="PASS" signature="basePageNavigation(java.lang.String, java.lang.String)[pri:0, instance:practice.BasicMaven.HomePage@66a3ffec]" name="basePageNavigation" duration-ms="29789" started-at="2019-09-16T13:59:03Z" data-provider="getdata" finished-at="2019-09-16T13:59:33Z">
          <params>
            <param index="0">
              <value>
                <![CDATA[pratiksha1@gmail.com]]>
              </value>
            </param>
            <param index="1">
              <value>
                <![CDATA[pratiksha1]]>
              </value>
            </param>
          </params>
          <reporter-output>
          </reporter-output>
        </test-method> <!-- basePageNavigation -->
        <test-method status="PASS" signature="basePageNavigation(java.lang.String, java.lang.String)[pri:0, instance:practice.BasicMaven.HomePage@66a3ffec]" name="basePageNavigation" duration-ms="14217" started-at="2019-09-16T13:59:33Z" data-provider="getdata" finished-at="2019-09-16T13:59:47Z">
          <params>
            <param index="0">
              <value>
                <![CDATA[pratiksha2@gmail.com]]>
              </value>
            </param>
            <param index="1">
              <value>
                <![CDATA[pratiksha2]]>
              </value>
            </param>
          </params>
          <reporter-output>
          </reporter-output>
        </test-method> <!-- basePageNavigation -->
        <test-method status="PASS" signature="browerselose()[pri:0, instance:practice.BasicMaven.HomePage@66a3ffec]" name="browerselose" is-config="true" duration-ms="335" started-at="2019-09-16T13:59:47Z" finished-at="2019-09-16T13:59:47Z">
          <reporter-output>
          </reporter-output>
        </test-method> <!-- browerselose -->
        <test-method status="PASS" signature="browerselose()[pri:0, instance:practice.BasicMaven.ValidateTitle@77caeb3e]" name="browerselose" is-config="true" duration-ms="489" started-at="2019-09-16T13:59:47Z" finished-at="2019-09-16T13:59:48Z">
          <reporter-output>
          </reporter-output>
        </test-method> <!-- browerselose -->
        <test-method status="PASS" signature="browerselose()[pri:0, instance:practice.BasicMaven.Validate_Nav_bar@14acaea5]" name="browerselose" is-config="true" duration-ms="156" started-at="2019-09-16T13:59:48Z" finished-at="2019-09-16T13:59:48Z">
          <reporter-output>
          </reporter-output>
        </test-method> <!-- browerselose -->
      </class> <!-- practice.BasicMaven.HomePage -->
      <class name="practice.BasicMaven.ValidateTitle">
        <test-method status="FAIL" signature="ValidateTheTitle()[pri:0, instance:practice.BasicMaven.ValidateTitle@77caeb3e]" name="ValidateTheTitle" duration-ms="146" started-at="2019-09-16T13:59:02Z" finished-at="2019-09-16T13:59:03Z">
          <exception class="java.lang.AssertionError">
            <message>
              <![CDATA[expected [FEATURED COURSE] but found [FEATURED COURSES]]]>
            </message>
            <full-stacktrace>
              <![CDATA[java.lang.AssertionError: expected [FEATURED COURSE] but found [FEATURED COURSES]
	at org.testng.Assert.fail(Assert.java:94)
	at org.testng.Assert.failNotEquals(Assert.java:494)
	at org.testng.Assert.assertEquals(Assert.java:123)
	at org.testng.Assert.assertEquals(Assert.java:176)
	at org.testng.Assert.assertEquals(Assert.java:186)
	at practice.BasicMaven.ValidateTitle.ValidateTheTitle(ValidateTitle.java:25)
	at sun.reflect.NativeMethodAccessorImpl.invoke0(Native Method)
	at sun.reflect.NativeMethodAccessorImpl.invoke(Unknown Source)
	at sun.reflect.DelegatingMethodAccessorImpl.invoke(Unknown Source)
	at java.lang.reflect.Method.invoke(Unknown Source)
	at org.testng.internal.MethodInvocationHelper.invokeMethod(MethodInvocationHelper.java:80)
	at org.testng.internal.Invoker.invokeMethod(Invoker.java:714)
	at org.testng.internal.Invoker.invokeTestMethod(Invoker.java:901)
	at org.testng.internal.Invoker.invokeTestMethods(Invoker.java:1231)
	at org.testng.internal.TestMethodWorker.invokeTestMethods(TestMethodWorker.java:127)
	at org.testng.internal.TestMethodWorker.run(TestMethodWorker.java:111)
	at org.testng.TestRunner.privateRun(TestRunner.java:767)
	at org.testng.TestRunner.run(TestRunner.java:617)
	at org.testng.SuiteRunner.runTest(SuiteRunner.java:334)
	at org.testng.SuiteRunner.runSequentially(SuiteRunner.java:329)
	at org.testng.SuiteRunner.privateRun(SuiteRunner.java:291)
	at org.testng.SuiteRunner.run(SuiteRunner.java:240)
	at org.testng.SuiteRunnerWorker.runSuite(SuiteRunnerWorker.java:52)
	at org.testng.SuiteRunnerWorker.run(SuiteRunnerWorker.java:86)
	at org.testng.TestNG.runSuitesSequentially(TestNG.java:1198)
	at org.testng.TestNG.runSuitesLocally(TestNG.java:1123)
	at org.testng.TestNG.run(TestNG.java:1031)
	at org.testng.remote.AbstractRemoteTestNG.run(AbstractRemoteTestNG.java:115)
	at org.testng.remote.RemoteTestNG.initAndRun(RemoteTestNG.java:251)
	at org.testng.remote.RemoteTestNG.main(RemoteTestNG.java:77)
]]>
            </full-stacktrace>
          </exception> <!-- java.lang.AssertionError -->
          <reporter-output>
          </reporter-output>
        </test-method> <!-- ValidateTheTitle -->
      </class> <!-- practice.BasicMaven.ValidateTitle -->
    </test> <!-- Test -->
  </suite> <!-- Suite -->
</testng-results>
